2023-06-16T11:37:56.128+05:30  INFO 22012 --- [main] c.springmvc.boot.Firstproj2Application   : Starting Firstproj2Application using Java 17.0.7 with PID 22012 (C:\Users\2080772\OneDrive - Cognizant\Desktop\git\vcdp-tarin\firstproj-2\target\classes started by 2080772 in C:\Users\2080772\OneDrive - Cognizant\Desktop\git\vcdp-tarin\firstproj-2)
2023-06-16T11:37:56.249+05:30  INFO 22012 --- [main] c.springmvc.boot.Firstproj2Application   : No active profile set, falling back to 1 default profile: "default"
2023-06-16T11:38:00.382+05:30  INFO 22012 --- [main] .s.d.r.c.RepositoryConfigurationDelegate : Bootstrapping Spring Data JPA repositories in DEFAULT mode.
2023-06-16T11:38:00.675+05:30  INFO 22012 --- [main] .s.d.r.c.RepositoryConfigurationDelegate : Finished Spring Data repository scanning in 258 ms. Found 1 JPA repository interfaces.
2023-06-16T11:38:03.947+05:30  INFO 22012 --- [main] o.s.b.w.embedded.tomcat.TomcatWebServer  : Tomcat initialized with port(s): 8080 (http)
2023-06-16T11:38:04.008+05:30  INFO 22012 --- [main] o.apache.catalina.core.StandardService   : Starting service [Tomcat]
2023-06-16T11:38:04.009+05:30  INFO 22012 --- [main] o.apache.catalina.core.StandardEngine    : Starting Servlet engine: [Apache Tomcat/10.1.8]
2023-06-16T11:38:05.240+05:30  INFO 22012 --- [main] org.apache.jasper.servlet.TldScanner     : At least one JAR was scanned for TLDs yet contained no TLDs. Enable debug logging for this logger for a complete list of JARs that were scanned but no TLDs were found in them. Skipping unneeded JARs during scanning can improve startup time and JSP compilation time.
2023-06-16T11:38:05.279+05:30  INFO 22012 --- [main] o.a.c.c.C.[Tomcat].[localhost].[/]       : Initializing Spring embedded WebApplicationContext
2023-06-16T11:38:05.282+05:30  INFO 22012 --- [main] w.s.c.ServletWebServerApplicationContext : Root WebApplicationContext: initialization completed in 8772 ms
2023-06-16T11:38:05.984+05:30  INFO 22012 --- [main] com.zaxxer.hikari.HikariDataSource       : HikariPool-1 - Starting...
2023-06-16T11:38:07.766+05:30  INFO 22012 --- [main] com.zaxxer.hikari.pool.HikariPool        : HikariPool-1 - Added connection com.mysql.cj.jdbc.ConnectionImpl@47a3d56a
2023-06-16T11:38:07.777+05:30  INFO 22012 --- [main] com.zaxxer.hikari.HikariDataSource       : HikariPool-1 - Start completed.
2023-06-16T11:38:08.088+05:30  INFO 22012 --- [main] o.hibernate.jpa.internal.util.LogHelper  : HHH000204: Processing PersistenceUnitInfo [name: default]
2023-06-16T11:38:08.656+05:30  INFO 22012 --- [main] org.hibernate.Version                    : HHH000412: Hibernate ORM core version 6.2.2.Final
2023-06-16T11:38:08.687+05:30  INFO 22012 --- [main] org.hibernate.cfg.Environment            : HHH000406: Using bytecode reflection optimizer
2023-06-16T11:38:09.713+05:30  INFO 22012 --- [main] o.h.b.i.BytecodeProviderInitiator        : HHH000021: Bytecode provider name : bytebuddy
2023-06-16T11:38:10.582+05:30  INFO 22012 --- [main] o.s.o.j.p.SpringPersistenceUnitInfo      : No LoadTimeWeaver setup: ignoring JPA class transformer
2023-06-16T11:38:11.173+05:30  INFO 22012 --- [main] org.hibernate.orm.dialect                : HHH035001: Using dialect: org.hibernate.dialect.MySQLDialect, version: 8.0.25
2023-06-16T11:38:12.080+05:30  INFO 22012 --- [main] o.h.b.i.BytecodeProviderInitiator        : HHH000021: Bytecode provider name : bytebuddy
2023-06-16T11:38:14.886+05:30  INFO 22012 --- [main] o.h.e.t.j.p.i.JtaPlatformInitiator       : HHH000490: Using JtaPlatform implementation: [org.hibernate.engine.transaction.jta.platform.internal.NoJtaPlatform]
2023-06-16T11:38:14.900+05:30  INFO 22012 --- [main] j.LocalContainerEntityManagerFactoryBean : Initialized JPA EntityManagerFactory for persistence unit 'default'
2023-06-16T11:38:16.054+05:30  WARN 22012 --- [main] JpaBaseConfiguration$JpaWebConfiguration : spring.jpa.open-in-view is enabled by default. Therefore, database queries may be performed during view rendering. Explicitly configure spring.jpa.open-in-view to disable this warning
2023-06-16T11:38:16.649+05:30  INFO 22012 --- [main] o.s.b.a.w.s.WelcomePageHandlerMapping    : Adding welcome page template: index
2023-06-16T11:38:17.395+05:30  INFO 22012 --- [main] o.s.b.w.embedded.tomcat.TomcatWebServer  : Tomcat started on port(s): 8080 (http) with context path ''
2023-06-16T11:38:17.408+05:30  INFO 22012 --- [main] c.springmvc.boot.Firstproj2Application   : Started Firstproj2Application in 22.896 seconds (process running for 25.554)
2023-06-16T11:38:51.493+05:30  INFO 22012 --- [http-nio-8080-exec-2] o.a.c.c.C.[Tomcat].[localhost].[/]       : Initializing Spring DispatcherServlet 'dispatcherServlet'
2023-06-16T11:38:51.499+05:30  INFO 22012 --- [http-nio-8080-exec-2] o.s.web.servlet.DispatcherServlet        : Initializing Servlet 'dispatcherServlet'
2023-06-16T11:38:51.507+05:30  INFO 22012 --- [http-nio-8080-exec-2] o.s.web.servlet.DispatcherServlet        : Completed initialization in 8 ms
2023-06-16T11:38:51.792+05:30  INFO 22012 --- [http-nio-8080-exec-2] com.springmvc.boot.LogAspect             : getEmployee method called
2023-06-16T11:38:52.646+05:30  INFO 22012 --- [http-nio-8080-exec-2] com.springmvc.boot.LogAspect             : getEmployee method executed
2023-06-16T11:41:30.766+05:30  INFO 22012 --- [RMI TCP Connection(12)-127.0.0.1] inMXBeanRegistrar$SpringApplicationAdmin : Application shutdown requested.
2023-06-16T11:41:31.170+05:30  INFO 22012 --- [RMI TCP Connection(12)-127.0.0.1] o.apache.catalina.core.StandardService   : Stopping service [Tomcat]
2023-06-16T11:41:31.227+05:30  INFO 22012 --- [RMI TCP Connection(12)-127.0.0.1] o.a.c.c.C.[Tomcat].[localhost].[/]       : Destroying Spring FrameworkServlet 'dispatcherServlet'
2023-06-16T11:41:31.443+05:30  INFO 22012 --- [RMI TCP Connection(12)-127.0.0.1] j.LocalContainerEntityManagerFactoryBean : Closing JPA EntityManagerFactory for persistence unit 'default'
2023-06-16T11:41:31.548+05:30  INFO 22012 --- [RMI TCP Connection(12)-127.0.0.1] com.zaxxer.hikari.HikariDataSource       : HikariPool-1 - Shutdown initiated...
2023-06-16T11:41:31.661+05:30  INFO 22012 --- [RMI TCP Connection(12)-127.0.0.1] com.zaxxer.hikari.HikariDataSource       : HikariPool-1 - Shutdown completed.
2023-06-16T12:18:16.426+05:30  INFO 11180 --- [main] c.springmvc.boot.Firstproj2Application   : Starting Firstproj2Application using Java 17.0.7 with PID 11180 (C:\Users\2080772\OneDrive - Cognizant\Desktop\git\vcdp-tarin\firstproj-2\target\classes started by 2080772 in C:\Users\2080772\OneDrive - Cognizant\Desktop\git\vcdp-tarin\firstproj-2)
2023-06-16T12:18:16.436+05:30  INFO 11180 --- [main] c.springmvc.boot.Firstproj2Application   : No active profile set, falling back to 1 default profile: "default"
2023-06-16T12:18:18.374+05:30  INFO 11180 --- [main] .s.d.r.c.RepositoryConfigurationDelegate : Bootstrapping Spring Data JPA repositories in DEFAULT mode.
2023-06-16T12:18:18.581+05:30  INFO 11180 --- [main] .s.d.r.c.RepositoryConfigurationDelegate : Finished Spring Data repository scanning in 185 ms. Found 1 JPA repository interfaces.
2023-06-16T12:18:21.078+05:30  INFO 11180 --- [main] o.s.b.w.embedded.tomcat.TomcatWebServer  : Tomcat initialized with port(s): 8080 (http)
2023-06-16T12:18:21.110+05:30  INFO 11180 --- [main] o.apache.catalina.core.StandardService   : Starting service [Tomcat]
2023-06-16T12:18:21.110+05:30  INFO 11180 --- [main] o.apache.catalina.core.StandardEngine    : Starting Servlet engine: [Apache Tomcat/10.1.8]
2023-06-16T12:18:22.010+05:30  INFO 11180 --- [main] org.apache.jasper.servlet.TldScanner     : At least one JAR was scanned for TLDs yet contained no TLDs. Enable debug logging for this logger for a complete list of JARs that were scanned but no TLDs were found in them. Skipping unneeded JARs during scanning can improve startup time and JSP compilation time.
2023-06-16T12:18:22.038+05:30  INFO 11180 --- [main] o.a.c.c.C.[Tomcat].[localhost].[/]       : Initializing Spring embedded WebApplicationContext
2023-06-16T12:18:22.040+05:30  INFO 11180 --- [main] w.s.c.ServletWebServerApplicationContext : Root WebApplicationContext: initialization completed in 5472 ms
2023-06-16T12:18:22.486+05:30  INFO 11180 --- [main] com.zaxxer.hikari.HikariDataSource       : HikariPool-1 - Starting...
2023-06-16T12:18:23.436+05:30  INFO 11180 --- [main] com.zaxxer.hikari.pool.HikariPool        : HikariPool-1 - Added connection com.mysql.cj.jdbc.ConnectionImpl@60b616c8
2023-06-16T12:18:23.445+05:30  INFO 11180 --- [main] com.zaxxer.hikari.HikariDataSource       : HikariPool-1 - Start completed.
2023-06-16T12:18:23.590+05:30  INFO 11180 --- [main] o.hibernate.jpa.internal.util.LogHelper  : HHH000204: Processing PersistenceUnitInfo [name: default]
2023-06-16T12:18:23.893+05:30  INFO 11180 --- [main] org.hibernate.Version                    : HHH000412: Hibernate ORM core version 6.2.2.Final
2023-06-16T12:18:23.908+05:30  INFO 11180 --- [main] org.hibernate.cfg.Environment            : HHH000406: Using bytecode reflection optimizer
2023-06-16T12:18:24.598+05:30  INFO 11180 --- [main] o.h.b.i.BytecodeProviderInitiator        : HHH000021: Bytecode provider name : bytebuddy
2023-06-16T12:18:25.196+05:30  INFO 11180 --- [main] o.s.o.j.p.SpringPersistenceUnitInfo      : No LoadTimeWeaver setup: ignoring JPA class transformer
2023-06-16T12:18:25.574+05:30  INFO 11180 --- [main] org.hibernate.orm.dialect                : HHH035001: Using dialect: org.hibernate.dialect.MySQLDialect, version: 8.0.25
2023-06-16T12:18:26.433+05:30  INFO 11180 --- [main] o.h.b.i.BytecodeProviderInitiator        : HHH000021: Bytecode provider name : bytebuddy
2023-06-16T12:18:30.475+05:30  INFO 11180 --- [main] o.h.e.t.j.p.i.JtaPlatformInitiator       : HHH000490: Using JtaPlatform implementation: [org.hibernate.engine.transaction.jta.platform.internal.NoJtaPlatform]
2023-06-16T12:18:30.501+05:30  INFO 11180 --- [main] j.LocalContainerEntityManagerFactoryBean : Initialized JPA EntityManagerFactory for persistence unit 'default'
2023-06-16T12:18:33.112+05:30  WARN 11180 --- [main] JpaBaseConfiguration$JpaWebConfiguration : spring.jpa.open-in-view is enabled by default. Therefore, database queries may be performed during view rendering. Explicitly configure spring.jpa.open-in-view to disable this warning
2023-06-16T12:18:33.784+05:30  INFO 11180 --- [main] o.s.b.a.w.s.WelcomePageHandlerMapping    : Adding welcome page template: index
2023-06-16T12:18:35.363+05:30  INFO 11180 --- [main] o.s.b.w.embedded.tomcat.TomcatWebServer  : Tomcat started on port(s): 8080 (http) with context path ''
2023-06-16T12:18:35.414+05:30  INFO 11180 --- [main] c.springmvc.boot.Firstproj2Application   : Started Firstproj2Application in 20.701 seconds (process running for 25.02)
2023-06-16T12:19:47.317+05:30  INFO 11180 --- [http-nio-8080-exec-1] o.a.c.c.C.[Tomcat].[localhost].[/]       : Initializing Spring DispatcherServlet 'dispatcherServlet'
2023-06-16T12:19:47.318+05:30  INFO 11180 --- [http-nio-8080-exec-1] o.s.web.servlet.DispatcherServlet        : Initializing Servlet 'dispatcherServlet'
2023-06-16T12:19:47.327+05:30  INFO 11180 --- [http-nio-8080-exec-1] o.s.web.servlet.DispatcherServlet        : Completed initialization in 7 ms
2023-06-16T12:20:06.020+05:30  INFO 11180 --- [RMI TCP Connection(10)-127.0.0.1] inMXBeanRegistrar$SpringApplicationAdmin : Application shutdown requested.
2023-06-16T12:20:06.046+05:30  INFO 11180 --- [RMI TCP Connection(10)-127.0.0.1] o.apache.catalina.core.StandardService   : Stopping service [Tomcat]
2023-06-16T12:20:06.050+05:30  INFO 11180 --- [RMI TCP Connection(10)-127.0.0.1] o.a.c.c.C.[Tomcat].[localhost].[/]       : Destroying Spring FrameworkServlet 'dispatcherServlet'
2023-06-16T12:20:06.066+05:30  INFO 11180 --- [RMI TCP Connection(10)-127.0.0.1] j.LocalContainerEntityManagerFactoryBean : Closing JPA EntityManagerFactory for persistence unit 'default'
2023-06-16T12:20:06.072+05:30  INFO 11180 --- [RMI TCP Connection(10)-127.0.0.1] com.zaxxer.hikari.HikariDataSource       : HikariPool-1 - Shutdown initiated...
2023-06-16T12:20:06.098+05:30  INFO 11180 --- [RMI TCP Connection(10)-127.0.0.1] com.zaxxer.hikari.HikariDataSource       : HikariPool-1 - Shutdown completed.
